c:\users\farhan\documents\visual studio 2015\projects\projekexample\debug\projekexample.pch
c:\users\farhan\documents\visual studio 2015\projects\projekexample\debug\vc140.pdb
c:\users\farhan\documents\visual studio 2015\projects\projekexample\debug\vc140.idb
c:\users\farhan\documents\visual studio 2015\projects\projekexample\debug\stdafx.obj
c:\users\farhan\documents\visual studio 2015\projects\projekexample\debug\projekexample.obj
c:\users\farhan\documents\github\projek-uscs21\projeck1 c++\debug\projekexample.pch
c:\users\farhan\documents\github\projek-uscs21\projeck1 c++\debug\vc140.pdb
c:\users\farhan\documents\github\projek-uscs21\projeck1 c++\debug\vc140.idb
c:\users\farhan\documents\github\projek-uscs21\projeck1 c++\debug\stdafx.obj
c:\users\farhan\documents\github\projek-uscs21\projeck1 c++\debug\projekexample.obj
c:\users\farhan\documents\visual studio 2015\projects\projekexample\debug\projekexample.ilk
c:\users\farhan\documents\visual studio 2015\projects\projekexample\debug\projekexample.exe
c:\users\farhan\documents\visual studio 2015\projects\projekexample\debug\projekexample.pdb
c:\users\farhan\documents\github\projek-uscs21\projeck1 c++\debug\projekexample.ilk
c:\users\farhan\documents\github\projek-uscs21\projeck1 c++\debug\projekexample.exe
c:\users\farhan\documents\github\projek-uscs21\projeck1 c++\debug\projekexample.pdb
c:\users\farhan\documents\github\projek-uscs21\projeck1 c++\debug\projekexample.tlog\cl.command.1.tlog
c:\users\farhan\documents\github\projek-uscs21\projeck1 c++\debug\projekexample.tlog\cl.read.1.tlog
c:\users\farhan\documents\github\projek-uscs21\projeck1 c++\debug\projekexample.tlog\cl.write.1.tlog
c:\users\farhan\documents\github\projek-uscs21\projeck1 c++\debug\projekexample.tlog\link.command.1.tlog
c:\users\farhan\documents\github\projek-uscs21\projeck1 c++\debug\projekexample.tlog\link.read.1.tlog
c:\users\farhan\documents\github\projek-uscs21\projeck1 c++\debug\projekexample.tlog\link.write.1.tlog
